2025-06-12 16:31:06,249 - __main__ - INFO - Configuration loaded successfully
2025-06-12 16:31:06,249 - __main__ - INFO - System running in live mode
2025-06-12 16:31:06,250 - __main__ - INFO - Loading strategy: src.strategies.zscore.zscore_strategy with class ZscoreStrategy
2025-06-12 16:31:06,253 - __main__ - INFO - Successfully initialized zscore strategy
2025-06-12 16:31:06,253 - __main__ - INFO - Loading strategy: src.strategies.rsi.rsi_strategy with class RsiStrategy
2025-06-12 16:31:06,255 - __main__ - INFO - Successfully initialized rsi strategy
2025-06-12 16:31:06,255 - __main__ - INFO - Initialized 2 trading strategies
2025-06-12 16:31:06,260 - __main__ - INFO - Algorithmic trading system initialized
2025-06-12 16:31:24,573 - __main__ - INFO - Configuration loaded successfully
2025-06-12 16:31:24,573 - __main__ - INFO - System running in live mode
2025-06-12 16:31:24,577 - __main__ - INFO - Successfully initialized zscore strategy
2025-06-12 16:31:24,579 - __main__ - INFO - Successfully initialized rsi strategy
2025-06-12 16:31:24,579 - __main__ - INFO - Initialized 2 trading strategies
2025-06-12 16:31:24,579 - __main__ - INFO - Algorithmic trading system initialized
2025-06-12 16:39:02,950 - __main__ - INFO - Configuration loaded successfully
2025-06-12 16:39:02,950 - __main__ - INFO - System running in live mode
2025-06-12 16:39:02,957 - __main__ - INFO - Successfully initialized zscore strategy
2025-06-12 16:39:02,958 - __main__ - INFO - Successfully initialized rsi strategy
2025-06-12 16:39:02,959 - __main__ - INFO - Initialized 2 trading strategies
2025-06-12 16:39:02,959 - src.data.fetcher - INFO - Fetching BTCUSDT hourly data from Binance...
2025-06-12 16:39:02,985 - src.data.fetcher - ERROR - Error fetching data from Binance: HTTPSConnectionPool(host='api.binance.com', port=443): Max retries exceeded with url: /api/v3/klines?symbol=BTCUSDT&interval=1h&startTime=1749357542959&endTime=1749717542959&limit=100 (Caused by NameResolutionError("<urllib3.connection.HTTPSConnection object at 0x0000018A9D4C3210>: Failed to resolve 'api.binance.com' ([Errno 11004] getaddrinfo failed)"))
2025-06-12 16:39:02,985 - __main__ - ERROR - Error initializing trading system: HTTPSConnectionPool(host='api.binance.com', port=443): Max retries exceeded with url: /api/v3/klines?symbol=BTCUSDT&interval=1h&startTime=1749357542959&endTime=1749717542959&limit=100 (Caused by NameResolutionError("<urllib3.connection.HTTPSConnection object at 0x0000018A9D4C3210>: Failed to resolve 'api.binance.com' ([Errno 11004] getaddrinfo failed)"))
2025-06-12 16:41:03,058 - __main__ - INFO - Configuration loaded successfully
2025-06-12 16:41:03,058 - __main__ - INFO - System running in live mode
2025-06-12 16:41:03,061 - __main__ - INFO - Successfully initialized zscore strategy
2025-06-12 16:41:03,062 - __main__ - INFO - Successfully initialized rsi strategy
2025-06-12 16:41:03,062 - __main__ - INFO - Initialized 2 trading strategies
2025-06-12 16:41:03,063 - src.data.fetcher - INFO - Fetching BTCUSDT hourly data from Binance...
2025-06-12 16:41:03,357 - src.data.fetcher - ERROR - Error fetching data from Binance: HTTPSConnectionPool(host='www.binance.com', port=443): Max retries exceeded with url: /en (Caused by NameResolutionError("<urllib3.connection.HTTPSConnection object at 0x000001C55916A310>: Failed to resolve 'www.binance.com' ([Errno 11004] getaddrinfo failed)"))
2025-06-12 16:41:03,358 - __main__ - ERROR - Error initializing trading system: HTTPSConnectionPool(host='www.binance.com', port=443): Max retries exceeded with url: /en (Caused by NameResolutionError("<urllib3.connection.HTTPSConnection object at 0x000001C55916A310>: Failed to resolve 'www.binance.com' ([Errno 11004] getaddrinfo failed)"))
2025-06-12 16:56:08,454 - __main__ - INFO - Configuration loaded successfully
2025-06-12 16:56:08,454 - __main__ - INFO - System running in live mode
2025-06-12 16:56:08,459 - __main__ - INFO - Successfully initialized zscore strategy
2025-06-12 16:56:08,461 - __main__ - INFO - Successfully initialized rsi strategy
2025-06-12 16:56:08,461 - __main__ - INFO - Initialized 2 trading strategies
2025-06-12 16:56:08,749 - __main__ - ERROR - Error initializing trading system: HTTPSConnectionPool(host='www.binance.com', port=443): Max retries exceeded with url: /en (Caused by NameResolutionError("<urllib3.connection.HTTPSConnection object at 0x000002817E63A6D0>: Failed to resolve 'www.binance.com' ([Errno 11004] getaddrinfo failed)"))
2025-06-12 16:57:37,158 - __main__ - INFO - Configuration loaded successfully
2025-06-12 16:57:37,158 - __main__ - INFO - System running in live mode
2025-06-12 16:57:37,162 - __main__ - INFO - Successfully initialized zscore strategy
2025-06-12 16:57:37,164 - __main__ - INFO - Successfully initialized rsi strategy
2025-06-12 16:57:37,164 - __main__ - INFO - Initialized 2 trading strategies
2025-06-12 16:57:37,172 - __main__ - ERROR - Error initializing trading system: HTTPSConnectionPool(host='api.binance.com', port=443): Max retries exceeded with url: /api/v3/klines?symbol=BTCUSDT&interval=1h (Caused by NameResolutionError("<urllib3.connection.HTTPSConnection object at 0x000001EAFE82BE50>: Failed to resolve 'api.binance.com' ([Errno 11004] getaddrinfo failed)"))
2025-06-12 17:09:31,139 - __main__ - INFO - Configuration loaded successfully
2025-06-12 17:09:31,140 - __main__ - INFO - System running in live mode
2025-06-12 17:09:31,144 - __main__ - INFO - Successfully initialized zscore strategy
2025-06-12 17:09:31,146 - __main__ - INFO - Successfully initialized rsi strategy
2025-06-12 17:09:31,146 - __main__ - INFO - Initialized 2 trading strategies
2025-06-12 17:09:31,146 - __main__ - ERROR - Error initializing trading system: name 'params' is not defined
2025-06-12 17:09:54,358 - __main__ - INFO - Configuration loaded successfully
2025-06-12 17:09:54,358 - __main__ - INFO - System running in live mode
2025-06-12 17:09:54,361 - __main__ - INFO - Successfully initialized zscore strategy
2025-06-12 17:09:54,362 - __main__ - INFO - Successfully initialized rsi strategy
2025-06-12 17:09:54,362 - __main__ - INFO - Initialized 2 trading strategies
2025-06-12 17:09:54,639 - __main__ - ERROR - Error initializing trading system: Expecting value: line 1 column 1 (char 0)
2025-06-12 17:10:11,810 - __main__ - INFO - Configuration loaded successfully
2025-06-12 17:10:11,811 - __main__ - INFO - System running in live mode
2025-06-12 17:10:11,814 - __main__ - INFO - Successfully initialized zscore strategy
2025-06-12 17:10:11,816 - __main__ - INFO - Successfully initialized rsi strategy
2025-06-12 17:10:11,816 - __main__ - INFO - Initialized 2 trading strategies
2025-06-12 17:12:01,102 - __main__ - INFO - Configuration loaded successfully
2025-06-12 17:12:01,102 - __main__ - INFO - System running in live mode
2025-06-12 17:12:01,105 - __main__ - INFO - Successfully initialized zscore strategy
2025-06-12 17:12:01,107 - __main__ - INFO - Successfully initialized rsi strategy
2025-06-12 17:12:01,107 - __main__ - INFO - Initialized 2 trading strategies
2025-06-12 17:13:09,004 - __main__ - INFO - Configuration loaded successfully
2025-06-12 17:13:09,005 - __main__ - INFO - System running in live mode
2025-06-12 17:13:09,011 - __main__ - INFO - Successfully initialized zscore strategy
2025-06-12 17:13:09,013 - __main__ - INFO - Successfully initialized rsi strategy
2025-06-12 17:13:09,013 - __main__ - INFO - Initialized 2 trading strategies
2025-06-12 17:13:09,165 - __main__ - ERROR - Error initializing trading system: name 'data' is not defined
2025-06-12 17:13:17,837 - __main__ - INFO - Configuration loaded successfully
2025-06-12 17:13:17,837 - __main__ - INFO - System running in live mode
2025-06-12 17:13:17,841 - __main__ - INFO - Successfully initialized zscore strategy
2025-06-12 17:13:17,842 - __main__ - INFO - Successfully initialized rsi strategy
2025-06-12 17:13:17,842 - __main__ - INFO - Initialized 2 trading strategies
2025-06-12 17:17:02,670 - __main__ - INFO - Configuration loaded successfully
2025-06-12 17:17:02,671 - __main__ - INFO - System running in live mode
2025-06-12 17:17:02,676 - __main__ - INFO - Successfully initialized zscore strategy
2025-06-12 17:17:02,678 - __main__ - INFO - Successfully initialized rsi strategy
2025-06-12 17:17:02,678 - __main__ - INFO - Initialized 2 trading strategies
2025-06-12 17:17:03,233 - src.data.fetcher - INFO - Successfully processed 2 klines
2025-06-12 17:17:10,846 - __main__ - INFO - Configuration loaded successfully
2025-06-12 17:17:10,847 - __main__ - INFO - System running in live mode
2025-06-12 17:17:10,851 - __main__ - INFO - Successfully initialized zscore strategy
2025-06-12 17:17:10,852 - __main__ - INFO - Successfully initialized rsi strategy
2025-06-12 17:17:10,852 - __main__ - INFO - Initialized 2 trading strategies
2025-06-12 17:17:11,353 - src.data.fetcher - INFO - Successfully processed 2 klines
2025-06-12 17:17:11,353 - __main__ - INFO - Retrieved 2 hourly BTCUSDT data points
2025-06-12 17:17:11,356 - __main__ - INFO - Strategy ZscoreStrategy processed data successfully
2025-06-12 17:17:11,363 - __main__ - INFO - Strategy RsiStrategy processed data successfully
2025-06-12 17:17:11,363 - __main__ - INFO - Algorithmic trading system initialized and data processed
2025-06-12 17:18:06,335 - __main__ - INFO - Configuration loaded successfully
2025-06-12 17:18:06,335 - __main__ - INFO - System running in live mode
2025-06-12 17:18:06,339 - __main__ - INFO - Successfully initialized zscore strategy
2025-06-12 17:18:06,340 - __main__ - INFO - Successfully initialized rsi strategy
2025-06-12 17:18:06,340 - __main__ - INFO - Initialized 2 trading strategies
2025-06-12 17:18:06,601 - src.data.fetcher - INFO - Successfully processed 2 klines
2025-06-12 17:18:06,602 - __main__ - INFO - Retrieved 2 hourly BTCUSDT data points
2025-06-12 17:18:06,604 - __main__ - INFO - Strategy ZscoreStrategy processed data successfully
2025-06-12 17:18:06,609 - __main__ - INFO - Strategy RsiStrategy processed data successfully
2025-06-12 17:18:06,609 - __main__ - INFO - Algorithmic trading system initialized and data processed
2025-06-12 17:18:38,068 - __main__ - INFO - Configuration loaded successfully
2025-06-12 17:18:38,068 - __main__ - INFO - System running in live mode
2025-06-12 17:18:38,073 - __main__ - INFO - Successfully initialized zscore strategy
2025-06-12 17:18:38,074 - __main__ - INFO - Successfully initialized rsi strategy
2025-06-12 17:18:38,075 - __main__ - INFO - Initialized 2 trading strategies
2025-06-12 17:18:38,273 - src.data.fetcher - INFO - Successfully processed 2 klines
2025-06-12 17:18:38,273 - __main__ - INFO - Retrieved 2 hourly BTCUSDT data points
2025-06-12 17:18:38,285 - __main__ - INFO - Strategy ZscoreStrategy processed data successfully
2025-06-12 17:18:38,292 - __main__ - INFO - Strategy RsiStrategy processed data successfully
2025-06-12 17:18:38,292 - __main__ - INFO - Algorithmic trading system initialized and data processed
2025-06-12 17:19:58,013 - __main__ - INFO - Configuration loaded successfully
2025-06-12 17:19:58,013 - __main__ - INFO - System running in live mode
2025-06-12 17:19:58,017 - __main__ - INFO - Successfully initialized zscore strategy
2025-06-12 17:19:58,018 - __main__ - INFO - Successfully initialized rsi strategy
2025-06-12 17:19:58,019 - __main__ - INFO - Initialized 2 trading strategies
2025-06-12 17:19:58,019 - __main__ - ERROR - Error initializing trading system: cannot access local variable 'response' where it is not associated with a value
2025-06-12 17:20:04,546 - __main__ - INFO - Configuration loaded successfully
2025-06-12 17:20:04,546 - __main__ - INFO - System running in live mode
2025-06-12 17:20:04,550 - __main__ - INFO - Successfully initialized zscore strategy
2025-06-12 17:20:04,551 - __main__ - INFO - Successfully initialized rsi strategy
2025-06-12 17:20:04,551 - __main__ - INFO - Initialized 2 trading strategies
2025-06-12 17:20:04,699 - src.data.fetcher - INFO - Successfully processed 2 klines
2025-06-12 17:20:04,699 - __main__ - INFO - Retrieved 2 hourly BTCUSDT data points
2025-06-12 17:20:04,706 - __main__ - INFO - Strategy ZscoreStrategy processed data successfully
2025-06-12 17:20:04,711 - __main__ - INFO - Strategy RsiStrategy processed data successfully
2025-06-12 17:20:04,712 - __main__ - INFO - Algorithmic trading system initialized and data processed
2025-06-12 17:23:45,142 - __main__ - INFO - Configuration loaded successfully
2025-06-12 17:23:45,143 - __main__ - INFO - System running in live mode
2025-06-12 17:23:45,146 - __main__ - INFO - Successfully initialized zscore strategy
2025-06-12 17:23:45,148 - __main__ - INFO - Successfully initialized rsi strategy
2025-06-12 17:23:45,148 - __main__ - INFO - Initialized 2 trading strategies
2025-06-12 17:23:45,706 - src.data.fetcher - INFO - Successfully processed 2 klines
2025-06-12 17:23:45,707 - __main__ - INFO - Retrieved 2 hourly BTCUSDT data points
2025-06-12 17:23:45,714 - __main__ - INFO - Strategy ZscoreStrategy processed data successfully
2025-06-12 17:23:45,719 - __main__ - INFO - Strategy RsiStrategy processed data successfully
2025-06-12 17:23:45,719 - __main__ - INFO - Algorithmic trading system initialized and data processed
2025-06-12 17:24:03,557 - __main__ - INFO - Configuration loaded successfully
2025-06-12 17:24:03,557 - __main__ - INFO - System running in live mode
2025-06-12 17:24:03,560 - __main__ - INFO - Successfully initialized zscore strategy
2025-06-12 17:24:03,561 - __main__ - INFO - Successfully initialized rsi strategy
2025-06-12 17:24:03,561 - __main__ - INFO - Initialized 2 trading strategies
2025-06-12 17:24:04,093 - src.data.fetcher - INFO - Successfully processed 2 klines
2025-06-12 17:24:04,094 - __main__ - INFO - Retrieved 2 hourly BTCUSDT data points
2025-06-12 17:24:04,098 - __main__ - INFO - Strategy ZscoreStrategy processed data successfully
2025-06-12 17:24:04,102 - __main__ - INFO - Strategy RsiStrategy processed data successfully
2025-06-12 17:24:04,103 - __main__ - INFO - Algorithmic trading system initialized and data processed
2025-06-12 17:28:01,523 - __main__ - INFO - Configuration loaded successfully
2025-06-12 17:28:01,524 - __main__ - INFO - System running in live mode
2025-06-12 17:28:01,528 - __main__ - INFO - Successfully initialized zscore strategy
2025-06-12 17:28:01,530 - __main__ - INFO - Successfully initialized rsi strategy
2025-06-12 17:28:01,530 - __main__ - INFO - Initialized 2 trading strategies
2025-06-12 17:28:01,530 - src.data.fetcher - INFO - Fetching data from 2025-06-12 15:28:01.530674 to 2025-06-12 17:28:01.530674
2025-06-12 17:28:01,857 - src.data.fetcher - INFO - Successfully processed 1 klines
2025-06-12 17:28:01,858 - __main__ - INFO - Retrieved 1 hourly BTCUSDT data points
2025-06-12 17:28:01,864 - __main__ - INFO - Strategy ZscoreStrategy processed data successfully
2025-06-12 17:28:01,868 - __main__ - INFO - Strategy RsiStrategy processed data successfully
2025-06-12 17:28:01,868 - __main__ - INFO - Algorithmic trading system initialized and data processed
2025-06-12 17:30:38,571 - __main__ - INFO - Configuration loaded successfully
2025-06-12 17:30:38,571 - __main__ - INFO - System running in live mode
2025-06-12 17:30:38,574 - __main__ - INFO - Successfully initialized zscore strategy
2025-06-12 17:30:38,575 - __main__ - INFO - Successfully initialized rsi strategy
2025-06-12 17:30:38,575 - __main__ - INFO - Initialized 2 trading strategies
2025-06-12 17:30:38,576 - src.data.fetcher - INFO - Fetching data from 2025-06-12 15:30:38.576786 to 2025-06-12 17:30:38.576786
2025-06-12 17:30:38,836 - src.data.fetcher - INFO - Successfully processed 1 klines
2025-06-12 17:30:38,838 - __main__ - INFO - Retrieved 1 hourly BTCUSDT data points
2025-06-12 17:30:38,844 - __main__ - INFO - Strategy ZscoreStrategy processed data successfully
2025-06-12 17:30:38,849 - __main__ - INFO - Strategy RsiStrategy processed data successfully
2025-06-12 17:30:38,849 - __main__ - INFO - Algorithmic trading system initialized and data processed
2025-06-12 17:30:49,370 - __main__ - INFO - Configuration loaded successfully
2025-06-12 17:30:49,371 - __main__ - INFO - System running in live mode
2025-06-12 17:30:49,374 - __main__ - INFO - Successfully initialized zscore strategy
2025-06-12 17:30:49,376 - __main__ - INFO - Successfully initialized rsi strategy
2025-06-12 17:30:49,376 - __main__ - INFO - Initialized 2 trading strategies
2025-06-12 17:30:49,528 - src.data.fetcher - INFO - Successfully processed 2 klines
2025-06-12 17:30:49,529 - __main__ - INFO - Retrieved 2 hourly BTCUSDT data points
2025-06-12 17:30:49,536 - __main__ - INFO - Strategy ZscoreStrategy processed data successfully
2025-06-12 17:30:49,540 - __main__ - INFO - Strategy RsiStrategy processed data successfully
2025-06-12 17:30:49,541 - __main__ - INFO - Algorithmic trading system initialized and data processed
2025-06-12 17:31:02,917 - __main__ - INFO - Configuration loaded successfully
2025-06-12 17:31:02,918 - __main__ - INFO - System running in live mode
2025-06-12 17:31:02,921 - __main__ - INFO - Successfully initialized zscore strategy
2025-06-12 17:31:02,922 - __main__ - INFO - Successfully initialized rsi strategy
2025-06-12 17:31:02,922 - __main__ - INFO - Initialized 2 trading strategies
2025-06-12 17:31:03,056 - src.data.fetcher - INFO - Successfully processed 1 klines
2025-06-12 17:31:03,057 - __main__ - INFO - Retrieved 1 hourly BTCUSDT data points
2025-06-12 17:31:03,067 - __main__ - INFO - Strategy ZscoreStrategy processed data successfully
2025-06-12 17:31:03,075 - __main__ - INFO - Strategy RsiStrategy processed data successfully
2025-06-12 17:31:03,075 - __main__ - INFO - Algorithmic trading system initialized and data processed
2025-06-12 17:31:28,044 - __main__ - INFO - Configuration loaded successfully
2025-06-12 17:31:28,044 - __main__ - INFO - System running in live mode
2025-06-12 17:31:28,047 - __main__ - INFO - Successfully initialized zscore strategy
2025-06-12 17:31:28,048 - __main__ - INFO - Successfully initialized rsi strategy
2025-06-12 17:31:28,048 - __main__ - INFO - Initialized 2 trading strategies
2025-06-12 17:31:28,179 - src.data.fetcher - INFO - Successfully processed 1 klines
2025-06-12 17:31:28,179 - __main__ - INFO - Retrieved 1 hourly BTCUSDT data points
2025-06-12 17:31:28,185 - __main__ - INFO - Strategy ZscoreStrategy processed data successfully
2025-06-12 17:31:28,190 - __main__ - INFO - Strategy RsiStrategy processed data successfully
2025-06-12 17:31:28,190 - __main__ - INFO - Algorithmic trading system initialized and data processed
2025-06-12 17:31:37,551 - __main__ - INFO - Configuration loaded successfully
2025-06-12 17:31:37,551 - __main__ - INFO - System running in live mode
2025-06-12 17:31:37,554 - __main__ - INFO - Successfully initialized zscore strategy
2025-06-12 17:31:37,555 - __main__ - INFO - Successfully initialized rsi strategy
2025-06-12 17:31:37,556 - __main__ - INFO - Initialized 2 trading strategies
2025-06-12 17:31:37,674 - src.data.fetcher - INFO - Successfully processed 1 klines
2025-06-12 17:31:37,675 - __main__ - INFO - Retrieved 1 hourly BTCUSDT data points
2025-06-12 17:31:37,682 - __main__ - INFO - Strategy ZscoreStrategy processed data successfully
2025-06-12 17:31:37,686 - __main__ - INFO - Strategy RsiStrategy processed data successfully
2025-06-12 17:31:37,687 - __main__ - INFO - Algorithmic trading system initialized and data processed
2025-06-12 17:32:57,687 - __main__ - INFO - Configuration loaded successfully
2025-06-12 17:32:57,687 - __main__ - INFO - System running in live mode
2025-06-12 17:32:57,691 - __main__ - INFO - Successfully initialized zscore strategy
2025-06-12 17:32:57,692 - __main__ - INFO - Successfully initialized rsi strategy
2025-06-12 17:32:57,693 - __main__ - INFO - Initialized 2 trading strategies
2025-06-12 17:32:57,971 - src.data.fetcher - INFO - Successfully processed 1 klines
2025-06-12 17:32:57,971 - __main__ - INFO - Retrieved 1 hourly BTCUSDT data points
2025-06-12 17:32:57,985 - __main__ - INFO - Strategy ZscoreStrategy processed data successfully
2025-06-12 17:32:57,990 - __main__ - INFO - Strategy RsiStrategy processed data successfully
2025-06-12 17:32:57,990 - __main__ - INFO - Algorithmic trading system initialized and data processed
2025-06-12 17:40:25,363 - __main__ - INFO - Configuration loaded successfully
2025-06-12 17:40:25,363 - __main__ - INFO - System running in live mode
2025-06-12 17:40:25,368 - __main__ - INFO - Successfully initialized zscore strategy
2025-06-12 17:40:25,370 - __main__ - INFO - Successfully initialized rsi strategy
2025-06-12 17:40:25,370 - __main__ - INFO - Initialized 2 trading strategies
2025-06-12 17:40:25,933 - src.data.fetcher - INFO - Successfully processed 1 klines
2025-06-12 17:40:25,933 - __main__ - INFO - Retrieved 1 hourly BTCUSDT data points
2025-06-12 17:40:25,937 - __main__ - INFO - Strategy ZscoreStrategy processed data successfully
2025-06-12 17:40:25,940 - __main__ - INFO - Strategy RsiStrategy processed data successfully
2025-06-12 17:40:25,940 - __main__ - INFO - Algorithmic trading system initialized and data processed
2025-06-12 17:40:31,470 - __main__ - INFO - Configuration loaded successfully
2025-06-12 17:40:31,471 - __main__ - INFO - System running in live mode
2025-06-12 17:40:31,475 - __main__ - INFO - Successfully initialized zscore strategy
2025-06-12 17:40:31,476 - __main__ - INFO - Successfully initialized rsi strategy
2025-06-12 17:40:31,476 - __main__ - INFO - Initialized 2 trading strategies
2025-06-12 17:40:31,995 - src.data.fetcher - INFO - Successfully processed 1 klines
2025-06-12 17:40:31,996 - __main__ - INFO - Retrieved 1 hourly BTCUSDT data points
2025-06-12 17:40:31,999 - __main__ - INFO - Strategy ZscoreStrategy processed data successfully
2025-06-12 17:40:32,004 - __main__ - INFO - Strategy RsiStrategy processed data successfully
2025-06-12 17:40:32,005 - __main__ - INFO - Algorithmic trading system initialized and data processed
2025-06-12 17:40:35,970 - __main__ - INFO - Configuration loaded successfully
2025-06-12 17:40:35,970 - __main__ - INFO - System running in live mode
2025-06-12 17:40:35,975 - __main__ - INFO - Successfully initialized zscore strategy
2025-06-12 17:40:35,977 - __main__ - INFO - Successfully initialized rsi strategy
2025-06-12 17:40:35,977 - __main__ - INFO - Initialized 2 trading strategies
2025-06-12 17:40:36,487 - src.data.fetcher - INFO - Successfully processed 1 klines
2025-06-12 17:40:36,487 - __main__ - INFO - Retrieved 1 hourly BTCUSDT data points
2025-06-12 17:40:36,491 - __main__ - INFO - Strategy ZscoreStrategy processed data successfully
2025-06-12 17:40:36,496 - __main__ - INFO - Strategy RsiStrategy processed data successfully
2025-06-12 17:40:36,496 - __main__ - INFO - Algorithmic trading system initialized and data processed
2025-06-12 17:42:17,469 - __main__ - INFO - Configuration loaded successfully
2025-06-12 17:42:17,469 - __main__ - INFO - System running in live mode
2025-06-12 17:42:17,474 - __main__ - INFO - Successfully initialized zscore strategy
2025-06-12 17:42:17,476 - __main__ - INFO - Successfully initialized rsi strategy
2025-06-12 17:42:17,476 - __main__ - INFO - Initialized 2 trading strategies
2025-06-12 17:42:17,602 - src.data.fetcher - INFO - Successfully processed 1 klines
2025-06-12 17:42:17,660 - src.data.fetcher - INFO - Successfully appended new data to data/btcusdt_3year_hourly_binance.csv
2025-06-12 17:42:17,661 - __main__ - INFO - Retrieved 1 hourly BTCUSDT data points
2025-06-12 17:42:17,664 - __main__ - INFO - Strategy ZscoreStrategy processed data successfully
2025-06-12 17:42:17,668 - __main__ - INFO - Strategy RsiStrategy processed data successfully
2025-06-12 17:42:17,669 - __main__ - INFO - Algorithmic trading system initialized and data processed
2025-06-12 17:42:36,093 - __main__ - INFO - Configuration loaded successfully
2025-06-12 17:42:36,094 - __main__ - INFO - System running in live mode
2025-06-12 17:42:36,099 - __main__ - INFO - Successfully initialized zscore strategy
2025-06-12 17:42:36,101 - __main__ - INFO - Successfully initialized rsi strategy
2025-06-12 17:42:36,102 - __main__ - INFO - Initialized 2 trading strategies
2025-06-12 17:42:36,206 - src.data.fetcher - INFO - Successfully processed 1 klines
2025-06-12 17:42:36,237 - src.data.fetcher - INFO - Successfully appended new data to data/btcusdt_3year_hourly_binance.csv
2025-06-12 17:42:36,238 - __main__ - INFO - Retrieved 1 hourly BTCUSDT data points
2025-06-12 17:42:36,241 - __main__ - INFO - Strategy ZscoreStrategy processed data successfully
2025-06-12 17:42:36,245 - __main__ - INFO - Strategy RsiStrategy processed data successfully
2025-06-12 17:42:36,246 - __main__ - INFO - Algorithmic trading system initialized and data processed
2025-06-12 17:43:33,455 - __main__ - INFO - Configuration loaded successfully
2025-06-12 17:43:33,456 - __main__ - INFO - System running in live mode
2025-06-12 17:43:33,458 - __main__ - INFO - Successfully initialized zscore strategy
2025-06-12 17:43:33,459 - __main__ - INFO - Successfully initialized rsi strategy
2025-06-12 17:43:33,460 - __main__ - INFO - Initialized 2 trading strategies
2025-06-12 17:43:33,738 - src.data.fetcher - INFO - Successfully processed 1 klines
2025-06-12 17:43:33,742 - src.data.fetcher - INFO - Successfully appended new data to data/btcusdt_3year_hourly_binance.csv
2025-06-12 17:43:33,743 - __main__ - INFO - Retrieved 1 hourly BTCUSDT data points
2025-06-12 17:43:33,745 - __main__ - INFO - Strategy ZscoreStrategy processed data successfully
2025-06-12 17:43:33,748 - __main__ - INFO - Strategy RsiStrategy processed data successfully
2025-06-12 17:43:33,749 - __main__ - INFO - Algorithmic trading system initialized and data processed
2025-06-12 17:43:42,096 - __main__ - INFO - Configuration loaded successfully
2025-06-12 17:43:42,096 - __main__ - INFO - System running in live mode
2025-06-12 17:43:42,100 - __main__ - INFO - Successfully initialized zscore strategy
2025-06-12 17:43:42,101 - __main__ - INFO - Successfully initialized rsi strategy
2025-06-12 17:43:42,101 - __main__ - INFO - Initialized 2 trading strategies
2025-06-12 17:43:42,349 - src.data.fetcher - INFO - Successfully processed 1 klines
2025-06-12 17:43:42,353 - src.data.fetcher - INFO - Successfully appended new data to data/btcusdt_3year_hourly_binance.csv
2025-06-12 17:43:42,354 - __main__ - INFO - Retrieved 1 hourly BTCUSDT data points
2025-06-12 17:43:42,356 - __main__ - INFO - Strategy ZscoreStrategy processed data successfully
2025-06-12 17:43:42,360 - __main__ - INFO - Strategy RsiStrategy processed data successfully
2025-06-12 17:43:42,360 - __main__ - INFO - Algorithmic trading system initialized and data processed
2025-06-12 17:43:57,439 - __main__ - INFO - Configuration loaded successfully
2025-06-12 17:43:57,439 - __main__ - INFO - System running in live mode
2025-06-12 17:43:57,444 - __main__ - INFO - Successfully initialized zscore strategy
2025-06-12 17:43:57,446 - __main__ - INFO - Successfully initialized rsi strategy
2025-06-12 17:43:57,447 - __main__ - INFO - Initialized 2 trading strategies
2025-06-12 17:43:57,667 - src.data.fetcher - INFO - Successfully processed 1 klines
2025-06-12 17:43:57,671 - src.data.fetcher - INFO - Successfully appended new data to data/btcusdt_3year_hourly_binance.csv
2025-06-12 17:43:57,671 - __main__ - INFO - Retrieved 1 hourly BTCUSDT data points
2025-06-12 17:43:57,674 - __main__ - INFO - Strategy ZscoreStrategy processed data successfully
2025-06-12 17:43:57,680 - __main__ - INFO - Strategy RsiStrategy processed data successfully
2025-06-12 17:43:57,680 - __main__ - INFO - Algorithmic trading system initialized and data processed
2025-06-12 17:44:58,648 - __main__ - INFO - Configuration loaded successfully
2025-06-12 17:44:58,648 - __main__ - INFO - System running in live mode
2025-06-12 17:44:58,653 - __main__ - INFO - Successfully initialized zscore strategy
2025-06-12 17:44:58,655 - __main__ - INFO - Successfully initialized rsi strategy
2025-06-12 17:44:58,655 - __main__ - INFO - Initialized 2 trading strategies
2025-06-12 17:44:58,805 - src.data.fetcher - INFO - Successfully processed 1 klines
2025-06-12 17:44:58,811 - src.data.fetcher - INFO - Successfully appended new data to data/btcusdt_3year_hourly_binance.csv
2025-06-12 17:44:58,812 - __main__ - INFO - Retrieved 1 hourly BTCUSDT data points
2025-06-12 17:44:58,816 - __main__ - INFO - Strategy ZscoreStrategy processed data successfully
2025-06-12 17:44:58,825 - __main__ - INFO - Strategy RsiStrategy processed data successfully
2025-06-12 17:44:58,826 - __main__ - INFO - Algorithmic trading system initialized and data processed
2025-06-12 17:45:07,958 - __main__ - INFO - Configuration loaded successfully
2025-06-12 17:45:07,958 - __main__ - INFO - System running in live mode
2025-06-12 17:45:07,963 - __main__ - INFO - Successfully initialized zscore strategy
2025-06-12 17:45:07,965 - __main__ - INFO - Successfully initialized rsi strategy
2025-06-12 17:45:07,965 - __main__ - INFO - Initialized 2 trading strategies
2025-06-12 17:45:08,071 - src.data.fetcher - INFO - Successfully processed 1 klines
2025-06-12 17:45:08,075 - src.data.fetcher - INFO - Successfully appended new data to data/btcusdt_3year_hourly_binance.csv
2025-06-12 17:45:08,076 - __main__ - INFO - Retrieved 1 hourly BTCUSDT data points
2025-06-12 17:45:08,079 - __main__ - INFO - Strategy ZscoreStrategy processed data successfully
2025-06-12 17:45:08,084 - __main__ - INFO - Strategy RsiStrategy processed data successfully
2025-06-12 17:45:08,085 - __main__ - INFO - Algorithmic trading system initialized and data processed
2025-06-12 17:45:10,643 - __main__ - INFO - Configuration loaded successfully
2025-06-12 17:45:10,644 - __main__ - INFO - System running in live mode
2025-06-12 17:45:10,648 - __main__ - INFO - Successfully initialized zscore strategy
2025-06-12 17:45:10,649 - __main__ - INFO - Successfully initialized rsi strategy
2025-06-12 17:45:10,649 - __main__ - INFO - Initialized 2 trading strategies
2025-06-12 17:45:10,751 - src.data.fetcher - INFO - Successfully processed 1 klines
2025-06-12 17:45:10,756 - src.data.fetcher - INFO - Successfully appended new data to data/btcusdt_3year_hourly_binance.csv
2025-06-12 17:45:10,757 - __main__ - INFO - Retrieved 1 hourly BTCUSDT data points
2025-06-12 17:45:10,759 - __main__ - INFO - Strategy ZscoreStrategy processed data successfully
2025-06-12 17:45:10,765 - __main__ - INFO - Strategy RsiStrategy processed data successfully
2025-06-12 17:45:10,766 - __main__ - INFO - Algorithmic trading system initialized and data processed
2025-06-12 17:45:16,463 - __main__ - INFO - Configuration loaded successfully
2025-06-12 17:45:16,463 - __main__ - INFO - System running in live mode
2025-06-12 17:45:16,468 - __main__ - INFO - Successfully initialized zscore strategy
2025-06-12 17:45:16,470 - __main__ - INFO - Successfully initialized rsi strategy
2025-06-12 17:45:16,470 - __main__ - INFO - Initialized 2 trading strategies
2025-06-12 17:45:16,575 - src.data.fetcher - INFO - Successfully processed 1 klines
2025-06-12 17:45:16,579 - src.data.fetcher - INFO - Successfully appended new data to data/btcusdt_3year_hourly_binance.csv
2025-06-12 17:45:16,579 - __main__ - INFO - Retrieved 1 hourly BTCUSDT data points
2025-06-12 17:45:16,581 - __main__ - INFO - Strategy ZscoreStrategy processed data successfully
2025-06-12 17:45:16,586 - __main__ - INFO - Strategy RsiStrategy processed data successfully
2025-06-12 17:45:16,587 - __main__ - INFO - Algorithmic trading system initialized and data processed
2025-06-12 17:45:35,943 - __main__ - INFO - Configuration loaded successfully
2025-06-12 17:45:35,943 - __main__ - INFO - System running in live mode
2025-06-12 17:45:35,947 - __main__ - INFO - Successfully initialized zscore strategy
2025-06-12 17:45:35,948 - __main__ - INFO - Successfully initialized rsi strategy
2025-06-12 17:45:35,948 - __main__ - INFO - Initialized 2 trading strategies
2025-06-12 17:45:36,059 - src.data.fetcher - INFO - Successfully processed 1 klines
2025-06-12 17:45:36,063 - src.data.fetcher - INFO - Successfully appended new data to data/btcusdt_3year_hourly_binance.csv
2025-06-12 17:45:36,064 - __main__ - INFO - Retrieved 1 hourly BTCUSDT data points
2025-06-12 17:45:36,066 - __main__ - INFO - Strategy ZscoreStrategy processed data successfully
2025-06-12 17:45:36,070 - __main__ - INFO - Strategy RsiStrategy processed data successfully
2025-06-12 17:45:36,071 - __main__ - INFO - Algorithmic trading system initialized and data processed
2025-06-12 17:46:06,951 - __main__ - INFO - Configuration loaded successfully
2025-06-12 17:46:06,951 - __main__ - INFO - System running in live mode
2025-06-12 17:46:06,956 - __main__ - INFO - Successfully initialized zscore strategy
2025-06-12 17:46:06,958 - __main__ - INFO - Successfully initialized rsi strategy
2025-06-12 17:46:06,959 - __main__ - INFO - Initialized 2 trading strategies
2025-06-12 17:46:07,109 - src.data.fetcher - INFO - Successfully processed 1 klines
2025-06-12 17:46:07,114 - src.data.fetcher - INFO - Successfully appended new data to data/btcusdt_3year_hourly_binance.csv
2025-06-12 17:46:07,115 - __main__ - INFO - Retrieved 1 hourly BTCUSDT data points
2025-06-12 17:46:07,118 - __main__ - INFO - Strategy ZscoreStrategy processed data successfully
2025-06-12 17:46:07,125 - __main__ - INFO - Strategy RsiStrategy processed data successfully
2025-06-12 17:46:07,125 - __main__ - INFO - Algorithmic trading system initialized and data processed
2025-06-12 17:46:19,171 - __main__ - INFO - Configuration loaded successfully
2025-06-12 17:46:19,171 - __main__ - INFO - System running in live mode
2025-06-12 17:46:19,175 - __main__ - INFO - Successfully initialized zscore strategy
2025-06-12 17:46:19,178 - __main__ - INFO - Successfully initialized rsi strategy
2025-06-12 17:46:19,178 - __main__ - INFO - Initialized 2 trading strategies
2025-06-12 17:46:19,284 - src.data.fetcher - INFO - Successfully processed 1 klines
2025-06-12 17:46:19,290 - src.data.fetcher - INFO - Successfully appended new data to data/btcusdt_3year_hourly_binance.csv
2025-06-12 17:46:19,291 - __main__ - INFO - Retrieved 1 hourly BTCUSDT data points
2025-06-12 17:46:19,295 - __main__ - INFO - Strategy ZscoreStrategy processed data successfully
2025-06-12 17:46:19,301 - __main__ - INFO - Strategy RsiStrategy processed data successfully
2025-06-12 17:46:19,302 - __main__ - INFO - Algorithmic trading system initialized and data processed
2025-06-12 17:46:21,195 - __main__ - INFO - Configuration loaded successfully
2025-06-12 17:46:21,196 - __main__ - INFO - System running in live mode
2025-06-12 17:46:21,201 - __main__ - INFO - Successfully initialized zscore strategy
2025-06-12 17:46:21,203 - __main__ - INFO - Successfully initialized rsi strategy
2025-06-12 17:46:21,203 - __main__ - INFO - Initialized 2 trading strategies
2025-06-12 17:46:21,527 - src.data.fetcher - INFO - Successfully processed 1 klines
2025-06-12 17:46:21,531 - src.data.fetcher - INFO - Successfully appended new data to data/btcusdt_3year_hourly_binance.csv
2025-06-12 17:46:21,532 - __main__ - INFO - Retrieved 1 hourly BTCUSDT data points
2025-06-12 17:46:21,535 - __main__ - INFO - Strategy ZscoreStrategy processed data successfully
2025-06-12 17:46:21,539 - __main__ - INFO - Strategy RsiStrategy processed data successfully
2025-06-12 17:46:21,540 - __main__ - INFO - Algorithmic trading system initialized and data processed
2025-06-12 17:47:10,889 - __main__ - INFO - Configuration loaded successfully
2025-06-12 17:47:10,890 - __main__ - INFO - System running in live mode
2025-06-12 17:47:10,894 - __main__ - INFO - Successfully initialized zscore strategy
2025-06-12 17:47:10,896 - __main__ - INFO - Successfully initialized rsi strategy
2025-06-12 17:47:10,896 - __main__ - INFO - Initialized 2 trading strategies
2025-06-12 17:47:11,044 - src.data.fetcher - INFO - Successfully processed 1 klines
2025-06-12 17:47:11,049 - src.data.fetcher - INFO - Successfully appended new data to data/btcusdt_3year_hourly_binance.csv
2025-06-12 17:47:11,050 - __main__ - INFO - Retrieved 1 hourly BTCUSDT data points
2025-06-12 17:47:11,053 - __main__ - INFO - Strategy ZscoreStrategy processed data successfully
2025-06-12 17:47:11,059 - __main__ - INFO - Strategy RsiStrategy processed data successfully
2025-06-12 17:47:11,060 - __main__ - INFO - Algorithmic trading system initialized and data processed
2025-06-12 17:53:58,688 - __main__ - INFO - Configuration loaded successfully
2025-06-12 17:53:58,688 - __main__ - INFO - System running in live mode
2025-06-12 17:53:58,692 - __main__ - INFO - Successfully initialized zscore strategy
2025-06-12 17:53:58,694 - __main__ - INFO - Successfully initialized rsi strategy
2025-06-12 17:53:58,694 - __main__ - INFO - Initialized 2 trading strategies
2025-06-12 17:53:58,923 - src.data.fetcher - INFO - Successfully processed 1 klines
2025-06-12 17:53:58,928 - src.data.fetcher - INFO - Successfully appended new data to data/btcusdt_3year_hourly_binance.csv
2025-06-12 17:53:58,928 - __main__ - INFO - Retrieved 1 hourly BTCUSDT data points
2025-06-12 17:53:58,931 - __main__ - INFO - Strategy ZscoreStrategy processed data successfully
2025-06-12 17:53:58,935 - __main__ - INFO - Strategy RsiStrategy processed data successfully
2025-06-12 17:53:58,935 - __main__ - INFO - Algorithmic trading system initialized and data processed
2025-06-12 17:54:06,421 - __main__ - INFO - Configuration loaded successfully
2025-06-12 17:54:06,421 - __main__ - INFO - System running in live mode
2025-06-12 17:54:06,425 - __main__ - INFO - Successfully initialized zscore strategy
2025-06-12 17:54:06,426 - __main__ - INFO - Successfully initialized rsi strategy
2025-06-12 17:54:06,427 - __main__ - INFO - Initialized 2 trading strategies
2025-06-12 17:54:06,524 - src.data.fetcher - INFO - Successfully processed 1 klines
2025-06-12 17:54:06,528 - src.data.fetcher - INFO - Successfully appended new data to data/btcusdt_3year_hourly_binance.csv
2025-06-12 17:54:06,528 - __main__ - INFO - Retrieved 1 hourly BTCUSDT data points
2025-06-12 17:54:06,531 - __main__ - INFO - Strategy ZscoreStrategy processed data successfully
2025-06-12 17:54:06,535 - __main__ - INFO - Strategy RsiStrategy processed data successfully
2025-06-12 17:54:06,535 - __main__ - INFO - Algorithmic trading system initialized and data processed
2025-06-12 17:54:08,456 - __main__ - INFO - Configuration loaded successfully
2025-06-12 17:54:08,456 - __main__ - INFO - System running in live mode
2025-06-12 17:54:08,459 - __main__ - INFO - Successfully initialized zscore strategy
2025-06-12 17:54:08,460 - __main__ - INFO - Successfully initialized rsi strategy
2025-06-12 17:54:08,461 - __main__ - INFO - Initialized 2 trading strategies
2025-06-12 17:54:08,558 - src.data.fetcher - INFO - Successfully processed 1 klines
2025-06-12 17:54:08,562 - src.data.fetcher - INFO - Successfully appended new data to data/btcusdt_3year_hourly_binance.csv
2025-06-12 17:54:08,563 - __main__ - INFO - Retrieved 1 hourly BTCUSDT data points
2025-06-12 17:54:08,565 - __main__ - INFO - Strategy ZscoreStrategy processed data successfully
2025-06-12 17:54:08,569 - __main__ - INFO - Strategy RsiStrategy processed data successfully
2025-06-12 17:54:08,569 - __main__ - INFO - Algorithmic trading system initialized and data processed
2025-06-12 17:54:10,067 - __main__ - INFO - Configuration loaded successfully
2025-06-12 17:54:10,068 - __main__ - INFO - System running in live mode
2025-06-12 17:54:10,071 - __main__ - INFO - Successfully initialized zscore strategy
2025-06-12 17:54:10,073 - __main__ - INFO - Successfully initialized rsi strategy
2025-06-12 17:54:10,073 - __main__ - INFO - Initialized 2 trading strategies
2025-06-12 17:54:10,178 - src.data.fetcher - INFO - Successfully processed 1 klines
2025-06-12 17:54:10,183 - src.data.fetcher - INFO - Successfully appended new data to data/btcusdt_3year_hourly_binance.csv
2025-06-12 17:54:10,184 - __main__ - INFO - Retrieved 1 hourly BTCUSDT data points
2025-06-12 17:54:10,187 - __main__ - INFO - Strategy ZscoreStrategy processed data successfully
2025-06-12 17:54:10,191 - __main__ - INFO - Strategy RsiStrategy processed data successfully
2025-06-12 17:54:10,191 - __main__ - INFO - Algorithmic trading system initialized and data processed
2025-06-12 17:54:11,497 - __main__ - INFO - Configuration loaded successfully
2025-06-12 17:54:11,498 - __main__ - INFO - System running in live mode
2025-06-12 17:54:11,501 - __main__ - INFO - Successfully initialized zscore strategy
2025-06-12 17:54:11,502 - __main__ - INFO - Successfully initialized rsi strategy
2025-06-12 17:54:11,503 - __main__ - INFO - Initialized 2 trading strategies
2025-06-12 17:54:11,629 - src.data.fetcher - INFO - Successfully processed 1 klines
2025-06-12 17:54:11,634 - src.data.fetcher - INFO - Successfully appended new data to data/btcusdt_3year_hourly_binance.csv
2025-06-12 17:54:11,634 - __main__ - INFO - Retrieved 1 hourly BTCUSDT data points
2025-06-12 17:54:11,635 - __main__ - INFO - Strategy ZscoreStrategy processed data successfully
2025-06-12 17:54:11,639 - __main__ - INFO - Strategy RsiStrategy processed data successfully
2025-06-12 17:54:11,640 - __main__ - INFO - Algorithmic trading system initialized and data processed
2025-06-12 17:56:23,477 - __main__ - INFO - Configuration loaded successfully
2025-06-12 17:56:23,477 - __main__ - INFO - System running in live mode
2025-06-12 17:56:23,480 - __main__ - INFO - Successfully initialized zscore strategy
2025-06-12 17:56:23,481 - __main__ - INFO - Successfully initialized rsi strategy
2025-06-12 17:56:23,481 - __main__ - INFO - Initialized 2 trading strategies
2025-06-12 17:56:23,847 - src.data.fetcher - INFO - Successfully processed 1 klines
2025-06-12 17:56:23,850 - src.data.fetcher - INFO - Successfully appended new data to data/btcusdt_3year_hourly_binance.csv
2025-06-12 17:56:23,851 - __main__ - INFO - Retrieved 1 hourly BTCUSDT data points
2025-06-12 17:56:23,854 - __main__ - INFO - Strategy ZscoreStrategy processed data successfully
2025-06-12 17:56:23,857 - __main__ - INFO - Strategy RsiStrategy processed data successfully
2025-06-12 17:56:23,857 - __main__ - INFO - Algorithmic trading system initialized and data processed
2025-06-12 18:01:19,771 - __main__ - INFO - Configuration loaded successfully
2025-06-12 18:01:19,771 - __main__ - INFO - System running in live mode
2025-06-12 18:01:19,775 - __main__ - INFO - Successfully initialized zscore strategy
2025-06-12 18:01:19,777 - __main__ - INFO - Successfully initialized rsi strategy
2025-06-12 18:01:19,777 - __main__ - INFO - Initialized 2 trading strategies
2025-06-12 18:01:20,043 - src.data.fetcher - INFO - Successfully processed 1 klines
2025-06-12 18:01:20,049 - src.data.fetcher - INFO - Successfully appended new data to data/btcusdt_3year_hourly_binance.csv
2025-06-12 18:01:20,050 - __main__ - INFO - Retrieved 1 hourly BTCUSDT data points
2025-06-12 18:01:20,054 - __main__ - INFO - Strategy ZscoreStrategy processed data successfully
2025-06-12 18:01:20,059 - __main__ - INFO - Strategy RsiStrategy processed data successfully
2025-06-12 18:01:20,060 - __main__ - INFO - Algorithmic trading system initialized and data processed
2025-06-12 18:01:20,060 - __main__ - INFO - 
BTCUSDT Hourly Data (UTC):
2025-06-12 18:01:20,065 - __main__ - INFO -               datetime             open             high              low            close      volume
0  2025-06-12 10:00:00  107507.35000000  107507.36000000  107496.04000000  107496.05000000  4.27099000
2025-06-12 18:01:25,563 - __main__ - INFO - Configuration loaded successfully
2025-06-12 18:01:25,563 - __main__ - INFO - System running in live mode
2025-06-12 18:01:25,569 - __main__ - INFO - Successfully initialized zscore strategy
2025-06-12 18:01:25,572 - __main__ - INFO - Successfully initialized rsi strategy
2025-06-12 18:01:25,573 - __main__ - INFO - Initialized 2 trading strategies
2025-06-12 18:01:26,185 - src.data.fetcher - INFO - Successfully processed 1 klines
2025-06-12 18:01:26,190 - src.data.fetcher - INFO - Successfully appended new data to data/btcusdt_3year_hourly_binance.csv
2025-06-12 18:01:26,191 - __main__ - INFO - Retrieved 1 hourly BTCUSDT data points
2025-06-12 18:01:26,194 - __main__ - INFO - Strategy ZscoreStrategy processed data successfully
2025-06-12 18:01:26,199 - __main__ - INFO - Strategy RsiStrategy processed data successfully
2025-06-12 18:01:26,199 - __main__ - INFO - Algorithmic trading system initialized and data processed
2025-06-12 18:01:26,200 - __main__ - INFO - 
BTCUSDT Hourly Data (UTC):
2025-06-12 18:01:26,203 - __main__ - INFO -               datetime             open             high              low            close      volume
0  2025-06-12 10:00:00  107507.35000000  107511.44000000  107496.04000000  107511.44000000  6.04768000
2025-06-12 18:01:31,904 - __main__ - INFO - Configuration loaded successfully
2025-06-12 18:01:31,904 - __main__ - INFO - System running in live mode
2025-06-12 18:01:31,909 - __main__ - INFO - Successfully initialized zscore strategy
2025-06-12 18:01:31,910 - __main__ - INFO - Successfully initialized rsi strategy
2025-06-12 18:01:31,910 - __main__ - INFO - Initialized 2 trading strategies
2025-06-12 18:01:32,156 - src.data.fetcher - INFO - Successfully processed 1 klines
2025-06-12 18:01:32,161 - src.data.fetcher - INFO - Successfully appended new data to data/btcusdt_3year_hourly_binance.csv
2025-06-12 18:01:32,162 - __main__ - INFO - Retrieved 1 hourly BTCUSDT data points
2025-06-12 18:01:32,164 - __main__ - INFO - Strategy ZscoreStrategy processed data successfully
2025-06-12 18:01:32,169 - __main__ - INFO - Strategy RsiStrategy processed data successfully
2025-06-12 18:01:32,169 - __main__ - INFO - Algorithmic trading system initialized and data processed
2025-06-12 18:01:32,170 - __main__ - INFO - 
BTCUSDT Hourly Data (UTC):
2025-06-12 18:01:32,173 - __main__ - INFO -               datetime             open             high              low            close      volume
0  2025-06-12 10:00:00  107507.35000000  107518.85000000  107496.04000000  107518.84000000  6.54368000
2025-06-12 18:04:53,350 - __main__ - INFO - Configuration loaded successfully
2025-06-12 18:04:53,351 - __main__ - INFO - System running in live mode
2025-06-12 18:04:53,355 - __main__ - INFO - Successfully initialized zscore strategy
2025-06-12 18:04:53,356 - __main__ - INFO - Successfully initialized rsi strategy
2025-06-12 18:04:53,356 - __main__ - INFO - Initialized 2 trading strategies
2025-06-12 18:04:53,685 - src.data.fetcher - INFO - Successfully processed 1 klines
2025-06-12 18:04:53,689 - src.data.fetcher - INFO - Successfully appended new data to data/btcusdt_3year_hourly_binance.csv
2025-06-12 18:04:53,689 - __main__ - INFO - Retrieved 1 hourly BTCUSDT data points
2025-06-12 18:04:53,691 - __main__ - INFO - Strategy ZscoreStrategy processed data successfully
2025-06-12 18:04:53,694 - __main__ - INFO - Strategy RsiStrategy processed data successfully
2025-06-12 18:04:53,694 - __main__ - INFO - Algorithmic trading system initialized and data processed
2025-06-12 18:04:53,694 - __main__ - INFO - 
BTCUSDT Hourly Data (UTC):
2025-06-12 18:04:53,696 - __main__ - INFO -               datetime             open             high              low            close       volume
0  2025-06-12 10:00:00  107507.35000000  107518.85000000  107391.30000000  107391.31000000  25.44139000
2025-06-12 18:04:56,800 - __main__ - INFO - Configuration loaded successfully
2025-06-12 18:04:56,800 - __main__ - INFO - System running in live mode
2025-06-12 18:04:56,804 - __main__ - INFO - Successfully initialized zscore strategy
2025-06-12 18:04:56,804 - __main__ - INFO - Successfully initialized rsi strategy
2025-06-12 18:04:56,804 - __main__ - INFO - Initialized 2 trading strategies
2025-06-12 18:04:57,063 - src.data.fetcher - INFO - Successfully processed 1 klines
2025-06-12 18:04:57,067 - src.data.fetcher - INFO - Successfully appended new data to data/btcusdt_3year_hourly_binance.csv
2025-06-12 18:04:57,069 - __main__ - INFO - Retrieved 1 hourly BTCUSDT data points
2025-06-12 18:04:57,071 - __main__ - INFO - Strategy ZscoreStrategy processed data successfully
2025-06-12 18:04:57,075 - __main__ - INFO - Strategy RsiStrategy processed data successfully
2025-06-12 18:04:57,076 - __main__ - INFO - Algorithmic trading system initialized and data processed
2025-06-12 18:04:57,076 - __main__ - INFO - 
BTCUSDT Hourly Data (UTC):
2025-06-12 18:04:57,078 - __main__ - INFO -               datetime             open             high              low            close       volume
0  2025-06-12 10:00:00  107507.35000000  107518.85000000  107386.58000000  107386.59000000  25.62038000
2025-06-12 18:05:06,188 - __main__ - INFO - Configuration loaded successfully
2025-06-12 18:05:06,188 - __main__ - INFO - System running in live mode
2025-06-12 18:05:06,193 - __main__ - INFO - Successfully initialized zscore strategy
2025-06-12 18:05:06,194 - __main__ - INFO - Successfully initialized rsi strategy
2025-06-12 18:05:06,194 - __main__ - INFO - Initialized 2 trading strategies
2025-06-12 18:05:06,558 - src.data.fetcher - INFO - Successfully processed 1 klines
2025-06-12 18:05:06,562 - src.data.fetcher - INFO - Successfully appended new data to data/btcusdt_3year_hourly_binance.csv
2025-06-12 18:05:06,563 - __main__ - INFO - Retrieved 1 hourly BTCUSDT data points
2025-06-12 18:05:06,565 - __main__ - INFO - Strategy ZscoreStrategy processed data successfully
2025-06-12 18:05:06,570 - __main__ - INFO - Strategy RsiStrategy processed data successfully
2025-06-12 18:05:06,571 - __main__ - INFO - Algorithmic trading system initialized and data processed
2025-06-12 18:05:06,571 - __main__ - INFO - 
BTCUSDT Hourly Data (UTC):
2025-06-12 18:05:06,575 - __main__ - INFO -               datetime             open             high              low            close       volume
0  2025-06-12 10:00:00  107507.35000000  107518.85000000  107380.62000000  107380.62000000  25.94180000
2025-06-12 18:05:21,169 - __main__ - INFO - Configuration loaded successfully
2025-06-12 18:05:21,170 - __main__ - INFO - System running in live mode
2025-06-12 18:05:21,173 - __main__ - INFO - Successfully initialized zscore strategy
2025-06-12 18:05:21,174 - __main__ - INFO - Successfully initialized rsi strategy
2025-06-12 18:05:21,174 - __main__ - INFO - Initialized 2 trading strategies
2025-06-12 18:05:21,439 - src.data.fetcher - INFO - Successfully processed 1 klines
2025-06-12 18:05:21,443 - src.data.fetcher - INFO - Successfully appended new data to data/btcusdt_3year_hourly_binance.csv
2025-06-12 18:05:21,443 - __main__ - INFO - Retrieved 1 hourly BTCUSDT data points
2025-06-12 18:05:21,446 - __main__ - INFO - Strategy ZscoreStrategy processed data successfully
2025-06-12 18:05:21,449 - __main__ - INFO - Strategy RsiStrategy processed data successfully
2025-06-12 18:05:21,450 - __main__ - INFO - Algorithmic trading system initialized and data processed
2025-06-12 18:05:21,450 - __main__ - INFO - 
BTCUSDT Hourly Data (UTC):
2025-06-12 18:05:21,452 - __main__ - INFO -               datetime             open             high              low            close       volume
0  2025-06-12 10:00:00  107507.35000000  107518.85000000  107380.62000000  107384.66000000  27.74280000
2025-06-12 18:05:31,632 - __main__ - INFO - Configuration loaded successfully
2025-06-12 18:05:31,633 - __main__ - INFO - System running in live mode
2025-06-12 18:05:31,637 - __main__ - INFO - Successfully initialized zscore strategy
2025-06-12 18:05:31,639 - __main__ - INFO - Successfully initialized rsi strategy
2025-06-12 18:05:31,639 - __main__ - INFO - Initialized 2 trading strategies
2025-06-12 18:05:31,893 - src.data.fetcher - INFO - Successfully processed 1 klines
2025-06-12 18:05:31,897 - src.data.fetcher - INFO - Successfully appended new data to data/btcusdt_3year_hourly_binance.csv
2025-06-12 18:05:31,897 - __main__ - INFO - Retrieved 1 hourly BTCUSDT data points
2025-06-12 18:05:31,899 - __main__ - INFO - Strategy ZscoreStrategy processed data successfully
2025-06-12 18:05:31,906 - __main__ - INFO - Strategy RsiStrategy processed data successfully
2025-06-12 18:05:31,906 - __main__ - INFO - Algorithmic trading system initialized and data processed
2025-06-12 18:05:31,906 - __main__ - INFO - 
BTCUSDT Hourly Data (UTC):
2025-06-12 18:05:31,909 - __main__ - INFO -               datetime             open             high              low            close       volume
0  2025-06-12 10:00:00  107507.35000000  107518.85000000  107380.62000000  107390.40000000  28.02708000
2025-06-12 18:05:33,697 - __main__ - INFO - Configuration loaded successfully
2025-06-12 18:05:33,698 - __main__ - INFO - System running in live mode
2025-06-12 18:05:33,702 - __main__ - INFO - Successfully initialized zscore strategy
2025-06-12 18:05:33,703 - __main__ - INFO - Successfully initialized rsi strategy
2025-06-12 18:05:33,704 - __main__ - INFO - Initialized 2 trading strategies
2025-06-12 18:05:33,965 - src.data.fetcher - INFO - Successfully processed 1 klines
2025-06-12 18:05:33,969 - src.data.fetcher - INFO - Successfully appended new data to data/btcusdt_3year_hourly_binance.csv
2025-06-12 18:05:33,969 - __main__ - INFO - Retrieved 1 hourly BTCUSDT data points
2025-06-12 18:05:33,971 - __main__ - INFO - Strategy ZscoreStrategy processed data successfully
2025-06-12 18:05:33,975 - __main__ - INFO - Strategy RsiStrategy processed data successfully
2025-06-12 18:05:33,976 - __main__ - INFO - Algorithmic trading system initialized and data processed
2025-06-12 18:05:33,976 - __main__ - INFO - 
BTCUSDT Hourly Data (UTC):
2025-06-12 18:05:33,979 - __main__ - INFO -               datetime             open             high              low            close       volume
0  2025-06-12 10:00:00  107507.35000000  107518.85000000  107380.62000000  107390.41000000  28.04893000
2025-06-12 18:06:36,386 - __main__ - INFO - Configuration loaded successfully
2025-06-12 18:06:36,386 - __main__ - INFO - System running in live mode
2025-06-12 18:06:36,390 - __main__ - INFO - Successfully initialized zscore strategy
2025-06-12 18:06:36,391 - __main__ - INFO - Successfully initialized rsi strategy
2025-06-12 18:06:36,392 - __main__ - INFO - Initialized 2 trading strategies
2025-06-12 18:06:36,681 - src.data.fetcher - INFO - Successfully processed 1 klines
2025-06-12 18:06:36,685 - src.data.fetcher - INFO - Successfully appended new data to data/btcusdt_3year_hourly_binance.csv
2025-06-12 18:06:36,685 - __main__ - INFO - Retrieved 1 hourly BTCUSDT data points
2025-06-12 18:06:36,687 - __main__ - INFO - Strategy ZscoreStrategy processed data successfully
2025-06-12 18:06:36,691 - __main__ - INFO - Strategy RsiStrategy processed data successfully
2025-06-12 18:06:36,691 - __main__ - INFO - Algorithmic trading system initialized and data processed
2025-06-12 18:06:36,692 - __main__ - INFO - 
BTCUSDT Hourly Data (UTC):
2025-06-12 18:06:36,694 - __main__ - INFO -               datetime             open             high              low            close       volume
0  2025-06-12 10:00:00  107507.35000000  107518.85000000  107380.62000000  107401.46000000  35.04027000
2025-06-12 18:06:55,424 - __main__ - INFO - Configuration loaded successfully
2025-06-12 18:06:55,425 - __main__ - INFO - System running in live mode
2025-06-12 18:06:55,430 - __main__ - INFO - Successfully initialized zscore strategy
2025-06-12 18:06:55,432 - __main__ - INFO - Successfully initialized rsi strategy
2025-06-12 18:06:55,433 - __main__ - INFO - Initialized 2 trading strategies
2025-06-12 18:06:55,700 - src.data.fetcher - INFO - Successfully processed 1 klines
2025-06-12 18:06:55,704 - src.data.fetcher - INFO - Successfully appended new data to data/btcusdt_3year_hourly_binance.csv
2025-06-12 18:06:55,704 - __main__ - INFO - Retrieved 1 hourly BTCUSDT data points
2025-06-12 18:06:55,708 - __main__ - INFO - Strategy ZscoreStrategy processed data successfully
2025-06-12 18:06:55,715 - __main__ - INFO - Strategy RsiStrategy processed data successfully
2025-06-12 18:06:55,716 - __main__ - INFO - Algorithmic trading system initialized and data processed
2025-06-12 18:06:55,716 - __main__ - INFO - 
BTCUSDT Hourly Data (UTC):
2025-06-12 18:06:55,720 - __main__ - INFO -               datetime             open             high              low            close       volume
0  2025-06-12 10:00:00  107507.35000000  107518.85000000  107380.62000000  107393.48000000  35.39295000
2025-06-12 18:06:59,559 - __main__ - INFO - Configuration loaded successfully
2025-06-12 18:06:59,560 - __main__ - INFO - System running in live mode
2025-06-12 18:06:59,564 - __main__ - INFO - Successfully initialized zscore strategy
2025-06-12 18:06:59,566 - __main__ - INFO - Successfully initialized rsi strategy
2025-06-12 18:06:59,566 - __main__ - INFO - Initialized 2 trading strategies
2025-06-12 18:06:59,910 - src.data.fetcher - INFO - Successfully processed 1 klines
2025-06-12 18:06:59,914 - src.data.fetcher - INFO - Successfully appended new data to data/btcusdt_3year_hourly_binance.csv
2025-06-12 18:06:59,915 - __main__ - INFO - Retrieved 1 hourly BTCUSDT data points
2025-06-12 18:06:59,918 - __main__ - INFO - Strategy ZscoreStrategy processed data successfully
2025-06-12 18:06:59,922 - __main__ - INFO - Strategy RsiStrategy processed data successfully
2025-06-12 18:06:59,923 - __main__ - INFO - Algorithmic trading system initialized and data processed
2025-06-12 18:06:59,923 - __main__ - INFO - 
BTCUSDT Hourly Data (UTC):
2025-06-12 18:06:59,926 - __main__ - INFO -               datetime             open             high              low            close       volume
0  2025-06-12 10:00:00  107507.35000000  107518.85000000  107380.62000000  107393.47000000  35.54855000
2025-06-12 18:09:19,795 - __main__ - INFO - Configuration loaded successfully
2025-06-12 18:09:19,795 - __main__ - INFO - System running in live mode
2025-06-12 18:09:19,798 - __main__ - INFO - Successfully initialized zscore strategy
2025-06-12 18:09:19,800 - __main__ - INFO - Successfully initialized rsi strategy
2025-06-12 18:09:19,800 - __main__ - INFO - Initialized 2 trading strategies
2025-06-12 18:09:20,124 - src.data.fetcher - INFO - Successfully processed 1 klines
2025-06-12 18:09:20,128 - src.data.fetcher - INFO - Successfully appended new data to data/btcusdt_3year_hourly_binance.csv
2025-06-12 18:09:20,128 - __main__ - INFO - Retrieved 1 hourly BTCUSDT data points
2025-06-12 18:09:20,131 - __main__ - INFO - Strategy ZscoreStrategy processed data successfully
2025-06-12 18:09:20,135 - __main__ - INFO - Strategy RsiStrategy processed data successfully
2025-06-12 18:09:20,135 - __main__ - INFO - Algorithmic trading system initialized and data processed
2025-06-12 18:09:20,135 - __main__ - INFO - 
BTCUSDT Hourly Data (UTC):
2025-06-12 18:09:20,137 - __main__ - INFO -               datetime             open             high              low            close       volume
0  2025-06-12 10:00:00  107507.35000000  107518.85000000  107371.05000000  107394.62000000  45.74200000
2025-06-12 18:09:21,742 - __main__ - INFO - Configuration loaded successfully
2025-06-12 18:09:21,743 - __main__ - INFO - System running in live mode
2025-06-12 18:09:21,746 - __main__ - INFO - Successfully initialized zscore strategy
2025-06-12 18:09:21,747 - __main__ - INFO - Successfully initialized rsi strategy
2025-06-12 18:09:21,747 - __main__ - INFO - Initialized 2 trading strategies
2025-06-12 18:09:22,047 - src.data.fetcher - INFO - Successfully processed 1 klines
2025-06-12 18:09:22,051 - src.data.fetcher - INFO - Successfully appended new data to data/btcusdt_3year_hourly_binance.csv
2025-06-12 18:09:22,051 - __main__ - INFO - Retrieved 1 hourly BTCUSDT data points
2025-06-12 18:09:22,053 - __main__ - INFO - Strategy ZscoreStrategy processed data successfully
2025-06-12 18:09:22,057 - __main__ - INFO - Strategy RsiStrategy processed data successfully
2025-06-12 18:09:22,057 - __main__ - INFO - Algorithmic trading system initialized and data processed
2025-06-12 18:09:22,057 - __main__ - INFO - 
BTCUSDT Hourly Data (UTC):
2025-06-12 18:09:22,060 - __main__ - INFO -               datetime             open             high              low            close       volume
0  2025-06-12 10:00:00  107507.35000000  107518.85000000  107371.05000000  107394.63000000  45.75692000
2025-06-12 18:09:30,403 - __main__ - INFO - Configuration loaded successfully
2025-06-12 18:09:30,403 - __main__ - INFO - System running in live mode
2025-06-12 18:09:30,407 - __main__ - INFO - Successfully initialized zscore strategy
2025-06-12 18:09:30,408 - __main__ - INFO - Successfully initialized rsi strategy
2025-06-12 18:09:30,408 - __main__ - INFO - Initialized 2 trading strategies
2025-06-12 18:09:30,690 - src.data.fetcher - INFO - Successfully processed 1 klines
2025-06-12 18:09:30,694 - src.data.fetcher - INFO - Successfully appended new data to data/btcusdt_3year_hourly_binance.csv
2025-06-12 18:09:30,694 - __main__ - INFO - Retrieved 1 hourly BTCUSDT data points
2025-06-12 18:09:30,696 - __main__ - INFO - Strategy ZscoreStrategy processed data successfully
2025-06-12 18:09:30,700 - __main__ - INFO - Strategy RsiStrategy processed data successfully
2025-06-12 18:09:30,701 - __main__ - INFO - Algorithmic trading system initialized and data processed
2025-06-12 18:09:30,701 - __main__ - INFO - 
BTCUSDT Hourly Data (UTC):
2025-06-12 18:09:30,703 - __main__ - INFO -               datetime             open             high              low            close       volume
0  2025-06-12 10:00:00  107507.35000000  107518.85000000  107371.05000000  107400.00000000  48.18990000
2025-06-12 18:11:43,916 - __main__ - INFO - Configuration loaded successfully
2025-06-12 18:11:43,917 - __main__ - INFO - System running in live mode
2025-06-12 18:11:43,921 - __main__ - INFO - Successfully initialized zscore strategy
2025-06-12 18:11:43,922 - __main__ - INFO - Successfully initialized rsi strategy
2025-06-12 18:11:43,922 - __main__ - INFO - Initialized 2 trading strategies
2025-06-12 18:11:44,240 - src.data.fetcher - INFO - Successfully processed 1 klines
2025-06-12 18:11:44,243 - src.data.fetcher - INFO - Successfully appended new data to data/btcusdt_3year_hourly_binance.csv
2025-06-12 18:11:44,243 - __main__ - INFO - Retrieved 1 hourly BTCUSDT data points
2025-06-12 18:11:44,246 - __main__ - INFO - Strategy ZscoreStrategy processed data successfully
2025-06-12 18:11:44,250 - __main__ - INFO - Strategy RsiStrategy processed data successfully
2025-06-12 18:11:44,250 - __main__ - INFO - Algorithmic trading system initialized and data processed
2025-06-12 18:11:44,251 - __main__ - INFO - 
BTCUSDT Hourly Data (UTC):
2025-06-12 18:11:44,253 - __main__ - INFO -               datetime             open             high              low            close       volume
0  2025-06-12 10:00:00  107507.35000000  107518.85000000  107371.05000000  107399.14000000  63.09284000
2025-06-12 18:11:46,708 - __main__ - INFO - Configuration loaded successfully
2025-06-12 18:11:46,709 - __main__ - INFO - System running in live mode
2025-06-12 18:11:46,712 - __main__ - INFO - Successfully initialized zscore strategy
2025-06-12 18:11:46,713 - __main__ - INFO - Successfully initialized rsi strategy
2025-06-12 18:11:46,714 - __main__ - INFO - Initialized 2 trading strategies
2025-06-12 18:11:47,006 - src.data.fetcher - INFO - Successfully processed 1 klines
2025-06-12 18:11:47,009 - src.data.fetcher - INFO - Successfully appended new data to data/btcusdt_3year_hourly_binance.csv
2025-06-12 18:11:47,010 - __main__ - INFO - Retrieved 1 hourly BTCUSDT data points
2025-06-12 18:11:47,012 - __main__ - INFO - Strategy ZscoreStrategy processed data successfully
2025-06-12 18:11:47,016 - __main__ - INFO - Strategy RsiStrategy processed data successfully
2025-06-12 18:11:47,017 - __main__ - INFO - Algorithmic trading system initialized and data processed
2025-06-12 18:11:47,017 - __main__ - INFO - 
BTCUSDT Hourly Data (UTC):
2025-06-12 18:11:47,020 - __main__ - INFO -               datetime             open             high              low            close       volume
0  2025-06-12 10:00:00  107507.35000000  107518.85000000  107371.05000000  107399.14000000  63.12278000
2025-06-12 18:13:44,833 - __main__ - INFO - Configuration loaded successfully
2025-06-12 18:13:44,834 - __main__ - INFO - System running in live mode
2025-06-12 18:13:44,836 - __main__ - INFO - Successfully initialized zscore strategy
2025-06-12 18:13:44,838 - __main__ - INFO - Successfully initialized rsi strategy
2025-06-12 18:13:44,838 - __main__ - INFO - Initialized 2 trading strategies
2025-06-12 18:13:45,145 - src.data.fetcher - INFO - Successfully processed 1 klines
2025-06-12 18:13:45,148 - src.data.fetcher - INFO - Successfully appended new data to data/btcusdt_3year_hourly_binance.csv
2025-06-12 18:13:45,149 - __main__ - INFO - Retrieved 1 hourly BTCUSDT data points
2025-06-12 18:13:45,151 - __main__ - INFO - Strategy ZscoreStrategy processed data successfully
2025-06-12 18:13:45,154 - __main__ - INFO - Strategy RsiStrategy processed data successfully
2025-06-12 18:13:45,154 - __main__ - INFO - Algorithmic trading system initialized and data processed
2025-06-12 18:13:45,155 - __main__ - INFO - 
BTCUSDT Hourly Data (UTC):
2025-06-12 18:13:45,157 - __main__ - INFO -               datetime             open             high              low            close       volume
0  2025-06-12 10:00:00  107507.35000000  107518.85000000  107332.28000000  107376.24000000  78.44911000
2025-06-12 18:16:09,999 - __main__ - INFO - Configuration loaded successfully
2025-06-12 18:16:09,999 - __main__ - INFO - System running in live mode
2025-06-12 18:16:10,002 - __main__ - INFO - Successfully initialized zscore strategy
2025-06-12 18:16:10,004 - __main__ - INFO - Successfully initialized rsi strategy
2025-06-12 18:16:10,004 - __main__ - INFO - Initialized 2 trading strategies
2025-06-12 18:16:10,315 - src.data.fetcher - INFO - Successfully processed 1 klines
2025-06-12 18:16:10,319 - src.data.fetcher - INFO - Successfully appended new data to data/btcusdt_3year_hourly_binance.csv
2025-06-12 18:16:10,319 - __main__ - INFO - Retrieved 1 hourly BTCUSDT data points
2025-06-12 18:16:10,321 - __main__ - INFO - Strategy ZscoreStrategy processed data successfully
2025-06-12 18:16:10,325 - __main__ - INFO - Strategy RsiStrategy processed data successfully
2025-06-12 18:16:10,326 - __main__ - INFO - Algorithmic trading system initialized and data processed
2025-06-12 18:16:10,326 - __main__ - INFO - 
BTCUSDT Hourly Data (UTC):
2025-06-12 18:16:10,328 - __main__ - INFO -               datetime             open             high              low            close       volume
0  2025-06-12 10:00:00  107507.35000000  107518.85000000  107332.28000000  107378.30000000  98.22346000
2025-06-12 18:16:12,203 - __main__ - INFO - Configuration loaded successfully
2025-06-12 18:16:12,204 - __main__ - INFO - System running in live mode
2025-06-12 18:16:12,207 - __main__ - INFO - Successfully initialized zscore strategy
2025-06-12 18:16:12,208 - __main__ - INFO - Successfully initialized rsi strategy
2025-06-12 18:16:12,209 - __main__ - INFO - Initialized 2 trading strategies
2025-06-12 18:16:12,508 - src.data.fetcher - INFO - Successfully processed 1 klines
2025-06-12 18:16:12,511 - src.data.fetcher - INFO - Successfully appended new data to data/btcusdt_3year_hourly_binance.csv
2025-06-12 18:16:12,511 - __main__ - INFO - Retrieved 1 hourly BTCUSDT data points
2025-06-12 18:16:12,513 - __main__ - INFO - Strategy ZscoreStrategy processed data successfully
2025-06-12 18:16:12,518 - __main__ - INFO - Strategy RsiStrategy processed data successfully
2025-06-12 18:16:12,518 - __main__ - INFO - Algorithmic trading system initialized and data processed
2025-06-12 18:16:12,518 - __main__ - INFO - 
BTCUSDT Hourly Data (UTC):
2025-06-12 18:16:12,521 - __main__ - INFO -               datetime             open             high              low            close       volume
0  2025-06-12 10:00:00  107507.35000000  107518.85000000  107332.28000000  107369.18000000  98.43327000
2025-06-12 18:16:29,567 - __main__ - INFO - Configuration loaded successfully
2025-06-12 18:16:29,567 - __main__ - INFO - System running in live mode
2025-06-12 18:16:29,571 - __main__ - INFO - Successfully initialized zscore strategy
2025-06-12 18:16:29,572 - __main__ - INFO - Successfully initialized rsi strategy
2025-06-12 18:16:29,572 - __main__ - INFO - Initialized 2 trading strategies
2025-06-12 18:16:30,148 - src.data.fetcher - INFO - Successfully processed 1 klines
2025-06-12 18:16:30,151 - src.data.fetcher - INFO - Successfully appended new data to data/btcusdt_3year_hourly_binance.csv
2025-06-12 18:16:30,151 - __main__ - INFO - Retrieved 1 hourly BTCUSDT data points
2025-06-12 18:16:30,153 - __main__ - INFO - Strategy ZscoreStrategy processed data successfully
2025-06-12 18:16:30,157 - __main__ - INFO - Strategy RsiStrategy processed data successfully
2025-06-12 18:16:30,157 - __main__ - INFO - Algorithmic trading system initialized and data processed
2025-06-12 18:16:30,157 - __main__ - INFO - 
BTCUSDT Hourly Data (UTC):
2025-06-12 18:16:30,159 - __main__ - INFO -               datetime             open             high              low            close       volume
0  2025-06-12 10:00:00  107507.35000000  107518.85000000  107332.28000000  107354.75000000  99.22702000
2025-06-12 18:16:40,035 - __main__ - INFO - Configuration loaded successfully
2025-06-12 18:16:40,037 - __main__ - INFO - System running in live mode
2025-06-12 18:16:40,040 - __main__ - INFO - Successfully initialized zscore strategy
2025-06-12 18:16:40,042 - __main__ - INFO - Successfully initialized rsi strategy
2025-06-12 18:16:40,042 - __main__ - INFO - Initialized 2 trading strategies
2025-06-12 18:16:40,438 - src.data.fetcher - INFO - Successfully processed 1 klines
2025-06-12 18:16:40,441 - src.data.fetcher - INFO - Successfully appended new data to data/btcusdt_3year_hourly_binance.csv
2025-06-12 18:16:40,442 - __main__ - INFO - Retrieved 1 hourly BTCUSDT data points
2025-06-12 18:16:40,444 - __main__ - INFO - Strategy ZscoreStrategy processed data successfully
2025-06-12 18:16:40,448 - __main__ - INFO - Strategy RsiStrategy processed data successfully
2025-06-12 18:16:40,448 - __main__ - INFO - Algorithmic trading system initialized and data processed
2025-06-12 18:16:40,449 - __main__ - INFO - 
BTCUSDT Hourly Data (UTC):
2025-06-12 18:16:40,452 - __main__ - INFO -               datetime             open             high              low            close       volume
0  2025-06-12 10:00:00  107507.35000000  107518.85000000  107332.28000000  107340.39000000  99.67860000
2025-06-12 18:16:45,465 - __main__ - INFO - Configuration loaded successfully
2025-06-12 18:16:45,466 - __main__ - INFO - System running in live mode
2025-06-12 18:16:45,470 - __main__ - INFO - Successfully initialized zscore strategy
2025-06-12 18:16:45,471 - __main__ - INFO - Successfully initialized rsi strategy
2025-06-12 18:16:45,472 - __main__ - INFO - Initialized 2 trading strategies
2025-06-12 18:16:45,804 - src.data.fetcher - INFO - Successfully processed 1 klines
2025-06-12 18:16:45,809 - src.data.fetcher - INFO - Successfully appended new data to data/btcusdt_3year_hourly_binance.csv
2025-06-12 18:16:45,809 - __main__ - INFO - Retrieved 1 hourly BTCUSDT data points
2025-06-12 18:16:45,812 - __main__ - INFO - Strategy ZscoreStrategy processed data successfully
2025-06-12 18:16:45,817 - __main__ - INFO - Strategy RsiStrategy processed data successfully
2025-06-12 18:16:45,818 - __main__ - INFO - Algorithmic trading system initialized and data processed
2025-06-12 18:16:45,818 - __main__ - INFO - 
BTCUSDT Hourly Data (UTC):
2025-06-12 18:16:45,821 - __main__ - INFO -               datetime             open             high              low            close       volume
0  2025-06-12 10:00:00  107507.35000000  107518.85000000  107332.28000000  107340.39000000  99.87884000
2025-06-12 18:31:18,456 - __main__ - INFO - Configuration loaded successfully
2025-06-12 18:31:18,457 - __main__ - INFO - System running in live mode
2025-06-12 18:31:18,461 - __main__ - INFO - Successfully initialized zscore strategy
2025-06-12 18:31:18,462 - __main__ - INFO - Successfully initialized rsi strategy
2025-06-12 18:31:18,462 - __main__ - INFO - Initialized 2 trading strategies
2025-06-12 18:31:18,731 - src.data.fetcher - INFO - Successfully processed 1 klines
2025-06-12 18:31:18,734 - src.data.fetcher - INFO - Successfully appended new data to data/btcusdt_3year_hourly_binance.csv
2025-06-12 18:31:18,734 - __main__ - INFO - Retrieved 1 hourly BTCUSDT data points
2025-06-12 18:31:18,737 - __main__ - INFO - Strategy ZscoreStrategy processed data successfully
2025-06-12 18:31:18,742 - __main__ - INFO - Strategy RsiStrategy processed data successfully
2025-06-12 18:31:18,742 - __main__ - INFO - Algorithmic trading system initialized and data processed
2025-06-12 18:31:18,742 - __main__ - INFO - 
BTCUSDT Hourly Data (HKT):
2025-06-12 18:31:18,746 - __main__ - INFO -               datetime             open             high              low            close        volume
0  2025-06-12 10:00:00  107507.35000000  107518.85000000  107227.90000000  107311.04000000  259.63306000
2025-06-12 18:31:24,326 - __main__ - INFO - Configuration loaded successfully
2025-06-12 18:31:24,327 - __main__ - INFO - System running in live mode
2025-06-12 18:31:24,331 - __main__ - INFO - Successfully initialized zscore strategy
2025-06-12 18:31:24,333 - __main__ - INFO - Successfully initialized rsi strategy
2025-06-12 18:31:24,333 - __main__ - INFO - Initialized 2 trading strategies
2025-06-12 18:31:24,598 - src.data.fetcher - INFO - Successfully processed 1 klines
2025-06-12 18:31:24,602 - src.data.fetcher - INFO - Successfully appended new data to data/btcusdt_3year_hourly_binance.csv
2025-06-12 18:31:24,602 - __main__ - INFO - Retrieved 1 hourly BTCUSDT data points
2025-06-12 18:31:24,605 - __main__ - INFO - Strategy ZscoreStrategy processed data successfully
2025-06-12 18:31:24,610 - __main__ - INFO - Strategy RsiStrategy processed data successfully
2025-06-12 18:31:24,610 - __main__ - INFO - Algorithmic trading system initialized and data processed
2025-06-12 18:31:24,611 - __main__ - INFO - 
BTCUSDT Hourly Data (HKT):
2025-06-12 18:31:24,614 - __main__ - INFO -               datetime             open             high              low            close        volume
0  2025-06-12 10:00:00  107507.35000000  107518.85000000  107227.90000000  107311.04000000  259.81331000
2025-06-12 18:32:15,237 - __main__ - INFO - Configuration loaded successfully
2025-06-12 18:32:15,237 - __main__ - INFO - System running in live mode
2025-06-12 18:32:15,242 - __main__ - INFO - Successfully initialized zscore strategy
2025-06-12 18:32:15,244 - __main__ - INFO - Successfully initialized rsi strategy
2025-06-12 18:32:15,244 - __main__ - INFO - Initialized 2 trading strategies
2025-06-12 18:32:15,540 - src.data.fetcher - INFO - Successfully processed 1 klines
2025-06-12 18:32:15,544 - src.data.fetcher - INFO - Successfully appended new data to data/btcusdt_3year_hourly_binance.csv
2025-06-12 18:32:15,545 - __main__ - INFO - Retrieved 1 hourly BTCUSDT data points
2025-06-12 18:32:15,549 - __main__ - INFO - Strategy ZscoreStrategy processed data successfully
2025-06-12 18:32:15,555 - __main__ - INFO - Strategy RsiStrategy processed data successfully
2025-06-12 18:32:15,555 - __main__ - INFO - Algorithmic trading system initialized and data processed
2025-06-12 18:32:15,555 - __main__ - INFO - 
BTCUSDT Hourly Data (HKT):
2025-06-12 18:32:15,558 - __main__ - INFO -               datetime             open             high              low            close        volume
0  2025-06-12 18:00:00  107507.35000000  107518.85000000  107227.90000000  107335.86000000  267.38704000
2025-06-12 18:32:19,395 - __main__ - INFO - Configuration loaded successfully
2025-06-12 18:32:19,396 - __main__ - INFO - System running in live mode
2025-06-12 18:32:19,401 - __main__ - INFO - Successfully initialized zscore strategy
2025-06-12 18:32:19,403 - __main__ - INFO - Successfully initialized rsi strategy
2025-06-12 18:32:19,404 - __main__ - INFO - Initialized 2 trading strategies
2025-06-12 18:32:19,659 - src.data.fetcher - INFO - Successfully processed 1 klines
2025-06-12 18:32:19,662 - src.data.fetcher - INFO - Successfully appended new data to data/btcusdt_3year_hourly_binance.csv
2025-06-12 18:32:19,662 - __main__ - INFO - Retrieved 1 hourly BTCUSDT data points
2025-06-12 18:32:19,665 - __main__ - INFO - Strategy ZscoreStrategy processed data successfully
2025-06-12 18:32:19,670 - __main__ - INFO - Strategy RsiStrategy processed data successfully
2025-06-12 18:32:19,670 - __main__ - INFO - Algorithmic trading system initialized and data processed
2025-06-12 18:32:19,670 - __main__ - INFO - 
BTCUSDT Hourly Data (HKT):
2025-06-12 18:32:19,673 - __main__ - INFO -               datetime             open             high              low            close        volume
0  2025-06-12 18:00:00  107507.35000000  107518.85000000  107227.90000000  107325.09000000  267.63857000
2025-06-12 18:32:23,794 - __main__ - INFO - Configuration loaded successfully
2025-06-12 18:32:23,795 - __main__ - INFO - System running in live mode
2025-06-12 18:32:23,799 - __main__ - INFO - Successfully initialized zscore strategy
2025-06-12 18:32:23,800 - __main__ - INFO - Successfully initialized rsi strategy
2025-06-12 18:32:23,800 - __main__ - INFO - Initialized 2 trading strategies
2025-06-12 18:32:24,403 - src.data.fetcher - INFO - Successfully processed 1 klines
2025-06-12 18:32:24,409 - src.data.fetcher - INFO - Successfully appended new data to data/btcusdt_3year_hourly_binance.csv
2025-06-12 18:32:24,410 - __main__ - INFO - Retrieved 1 hourly BTCUSDT data points
2025-06-12 18:32:24,414 - __main__ - INFO - Strategy ZscoreStrategy processed data successfully
2025-06-12 18:32:24,423 - __main__ - INFO - Strategy RsiStrategy processed data successfully
2025-06-12 18:32:24,423 - __main__ - INFO - Algorithmic trading system initialized and data processed
2025-06-12 18:32:24,424 - __main__ - INFO - 
BTCUSDT Hourly Data (HKT):
2025-06-12 18:32:24,429 - __main__ - INFO -               datetime             open             high              low            close        volume
0  2025-06-12 18:00:00  107507.35000000  107518.85000000  107227.90000000  107325.10000000  267.77355000
